\BOOKMARK [1][-]{Rfn.addClusteringManually.1}{addClusteringManually}{}% 1
\BOOKMARK [1][-]{Rfn.calculateClustersSimilarity.1}{calculateClustersSimilarity}{}% 2
\BOOKMARK [1][-]{Rfn.choosePalette.1}{choosePalette}{}% 3
\BOOKMARK [1][-]{Rfn.clusterCellsInternal.1}{clusterCellsInternal}{}% 4
\BOOKMARK [1][-]{Rfn.exportClusteringResults.1}{exportClusteringResults}{}% 5
\BOOKMARK [1][-]{Rfn.exportMatrix.1}{exportMatrix}{}% 6
\BOOKMARK [1][-]{Rfn.generateTSNECoordinates.1}{generateTSNECoordinates}{}% 7
\BOOKMARK [1][-]{Rfn.getGenesInfo.1}{getGenesInfo}{}% 8
\BOOKMARK [1][-]{Rfn.getMarkerGenes.1}{getMarkerGenes}{}% 9
\BOOKMARK [1][-]{Rfn.initialisePath.1}{initialisePath}{}% 10
\BOOKMARK [1][-]{Rfn.normaliseCountMatrix.1}{normaliseCountMatrix}{}% 11
\BOOKMARK [1][-]{Rfn.plotCellHeatmap.1}{plotCellHeatmap}{}% 12
\BOOKMARK [1][-]{Rfn.plotCellSimilarity.1}{plotCellSimilarity}{}% 13
\BOOKMARK [1][-]{Rfn.plotClusteredTSNE.1}{plotClusteredTSNE}{}% 14
\BOOKMARK [1][-]{Rfn.plotClustersSimilarity.1}{plotClustersSimilarity}{}% 15
\BOOKMARK [1][-]{Rfn.plotGeneExpression.1}{plotGeneExpression}{}% 16
\BOOKMARK [1][-]{Rfn.rankGenes.1}{rankGenes}{}% 17
\BOOKMARK [1][-]{Rfn.runClustering.1}{runClustering}{}% 18
\BOOKMARK [1][-]{Rfn.runCONCLUS.1}{runCONCLUS}{}% 19
\BOOKMARK [1][-]{Rfn.runDBSCAN.1}{runDBSCAN}{}% 20
\BOOKMARK [1][-]{Rfn.saveGenesInfo.1}{saveGenesInfo}{}% 21
\BOOKMARK [1][-]{Rfn.saveMarkersLists.1}{saveMarkersLists}{}% 22
\BOOKMARK [1][-]{Rfn.testClustering.1}{testClustering}{}% 23
\BOOKMARK [0][-]{index.0}{Index}{}% 24
